<!DOCTYPE html PUBLIC "-//W3C//DTD XHTML 1.1//EN" "http://www.w3.org/TR/xhtml11/DTD/xhtml11.dtd">
<html xmlns="http://www.w3.org/1999/xhtml">
<head>
<meta http-equiv="content-type" content="text/html; charset=UTF-8"/>
<title>TestNG Report</title>
<style type="text/css">table {margin-bottom:10px;border-collapse:collapse;empty-cells:show}th,td {border:1px solid #009;padding:.25em .5em}th {vertical-align:bottom}td {vertical-align:top}table a {font-weight:bold}.stripe td {background-color: #E6EBF9}.num {text-align:right}.passedodd td {background-color: #3F3}.passedeven td {background-color: #0A0}.skippedodd td {background-color: #DDD}.skippedeven td {background-color: #CCC}.failedodd td,.attn {background-color: #F33}.failedeven td,.stripe .attn {background-color: #D00}.stacktrace {white-space:pre;font-family:monospace}.totop {font-size:85%;text-align:center;border-bottom:2px solid #000}.invisible {display:none}</style>
</head>
<body>
<table>
<tr><th>Test</th><th># Passed</th><th># Skipped</th><th># Retried</th><th># Failed</th><th>Time (ms)</th><th>Included Groups</th><th>Excluded Groups</th></tr>
<tr><th colspan="8">Regression</th></tr>
<tr><td><a href="#t0">All Functionalities</a></td><td class="num">21</td><td class="num">0</td><td class="num">0</td><td class="num attn">6</td><td class="num">264,567</td><td></td><td></td></tr>
</table>
<table id='summary'><thead><tr><th>Class</th><th>Method</th><th>Start</th><th>Time (ms)</th></tr></thead><tbody><tr><th colspan="4">Regression</th></tr></tbody><tbody id="t0"><tr><th colspan="4">All Functionalities &#8212; failed</th></tr><tr class="failedeven"><td rowspan="1">scripts._07_DropdownTest</td><td><a href="#m0">testExpediaDropDowns</a></td><td rowspan="1">1654976440783</td><td rowspan="1">24237</td></tr><tr class="failedodd"><td rowspan="3">scripts._08_Alerts_Test</td><td><a href="#m1">testAmazonAddressModal</a></td><td rowspan="1">1654976276993</td><td rowspan="1">5130</td></tr><tr class="failedodd"><td><a href="#m2">testEtsySingInModel</a></td><td rowspan="1">1654976247037</td><td rowspan="1">4195</td></tr><tr class="failedodd"><td><a href="#m3">validateInformationWarningAlert</a></td><td rowspan="1">1654976253457</td><td rowspan="1">11299</td></tr><tr class="failedeven"><td rowspan="1">scripts._11_FileUpload_Test</td><td><a href="#m4">testFileUpload1</a></td><td rowspan="1">1654976308425</td><td rowspan="1">40061</td></tr><tr class="failedodd"><td rowspan="1">scripts._12_Actions_Class</td><td><a href="#m5">practiceKeyDownAndKeyUp</a></td><td rowspan="1">1654976400801</td><td rowspan="1">22698</td></tr><tr><th colspan="4">All Functionalities &#8212; passed</th></tr><tr class="passedeven"><td rowspan="2">scripts._010_WindowHandles</td><td><a href="#m6">techGlobalSchoolFaceBookIcon</a></td><td rowspan="1">1654976294778</td><td rowspan="1">7502</td></tr><tr class="passedeven"><td><a href="#m7">testWindowHandle2</a></td><td rowspan="1">1654976304613</td><td rowspan="1">1508</td></tr><tr class="passedodd"><td rowspan="1">scripts._01_AppleTest</td><td><a href="#m8">testAppleURL</a></td><td rowspan="1">1654976209018</td><td rowspan="1">2361</td></tr><tr class="passedeven"><td rowspan="1">scripts._03_EtsyTest</td><td><a href="#m9">testMainHeader</a></td><td rowspan="1">1654976213610</td><td rowspan="1">3147</td></tr><tr class="passedodd"><td rowspan="1">scripts._04GoogleSearchTest</td><td><a href="#m10">testGoogleStoreLink</a></td><td rowspan="1">1654976218989</td><td rowspan="1">3390</td></tr><tr class="passedeven"><td rowspan="1">scripts._05_CheckBoxTest</td><td><a href="#m11">testCheckBoxInHeroApp</a></td><td rowspan="1">1654976225124</td><td rowspan="1">1457</td></tr><tr class="passedodd"><td rowspan="2">scripts._06_RadioButtonTest</td><td><a href="#m12">creatingANewAccount</a></td><td rowspan="1">1654976228829</td><td rowspan="1">3372</td></tr><tr class="passedodd"><td><a href="#m13">testFacebookRadioButton</a></td><td rowspan="1">1654976234581</td><td rowspan="1">10250</td></tr><tr class="passedeven"><td rowspan="2">scripts._07_DropdownTest</td><td><a href="#m14">testEbayDropdown</a></td><td rowspan="1">1654976467577</td><td rowspan="1">0</td></tr><tr class="passedeven"><td><a href="#m15">testUnsecurePasswordErrorMessage</a></td><td rowspan="1">1654976425759</td><td rowspan="1">12624</td></tr><tr class="passedodd"><td rowspan="2">scripts._08_Alerts_Test</td><td><a href="#m16">testConfirmationAlert</a></td><td rowspan="1">1654976266986</td><td rowspan="1">1685</td></tr><tr class="passedodd"><td><a href="#m17">testPromptAlert</a></td><td rowspan="1">1654976271125</td><td rowspan="1">3741</td></tr><tr class="passedeven"><td rowspan="2">scripts._09_Iframes</td><td><a href="#m18">testIframe1</a></td><td rowspan="1">1654976284551</td><td rowspan="1">2088</td></tr><tr class="passedeven"><td><a href="#m19">testIframe2</a></td><td rowspan="1">1654976288998</td><td rowspan="1">3560</td></tr><tr class="passedodd"><td rowspan="1">scripts._11_FileUpload_Test</td><td><a href="#m20">testFileDownloads</a></td><td rowspan="1">1654976350716</td><td rowspan="1">3913</td></tr><tr class="passedeven"><td rowspan="6">scripts._12_Actions_Class</td><td><a href="#m21">clickAndHoldAction</a></td><td rowspan="1">1654976389461</td><td rowspan="1">5578</td></tr><tr class="passedeven"><td><a href="#m22">clickOnRegisterForIntroButton</a></td><td rowspan="1">1654976373365</td><td rowspan="1">6822</td></tr><tr class="passedeven"><td><a href="#m23">moveToElementPractice1</a></td><td rowspan="1">1654976356565</td><td rowspan="1">4049</td></tr><tr class="passedeven"><td><a href="#m24">moveToElementPractice2</a></td><td rowspan="1">1654976362460</td><td rowspan="1">8682</td></tr><tr class="passedeven"><td><a href="#m25">rightClickAction</a></td><td rowspan="1">1654976382506</td><td rowspan="1">4667</td></tr><tr class="passedeven"><td><a href="#m26">sendKeysToAnElement</a></td><td rowspan="1">1654976397083</td><td rowspan="1">1564</td></tr></tbody>
</table>
<h2>All Functionalities</h2><h3 id="m0">scripts._07_DropdownTest#testExpediaDropDowns</h3><table class="result"><tr><th>Exception</th></tr><tr><td><div class="stacktrace">org.openqa.selenium.StaleElementReferenceException: stale element reference: element is not attached to the page document
  (Session info: chrome=102.0.5005.61)
For documentation on this error, please visit: https://www.seleniumhq.org/exceptions/stale_element_reference.html
Build info: version: &apos;3.141.59&apos;, revision: &apos;e82be7d358&apos;, time: &apos;2018-11-14T08:17:03&apos;
System info: host: &apos;Alonas-Air.local.tld&apos;, ip: &apos;fe80:0:0:0:1c87:cc4a:7d8f:b309%en0&apos;, os.name: &apos;Mac OS X&apos;, os.arch: &apos;x86_64&apos;, os.version: &apos;12.4&apos;, java.version: &apos;18.0.1&apos;
Driver info: org.openqa.selenium.chrome.ChromeDriver
Capabilities {acceptInsecureCerts: false, browserName: chrome, browserVersion: 102.0.5005.61, chrome: {chromedriverVersion: 102.0.5005.61 (0e59bcc00cc4..., userDataDir: /var/folders/t9/f35_jmtd6zz...}, goog:chromeOptions: {debuggerAddress: localhost:55426}, javascriptEnabled: true, networkConnectionEnabled: false, pageLoadStrategy: normal, platform: MAC, platformName: MAC, proxy: Proxy(), setWindowRect: true, strictFileInteractability: false, timeouts: {implicit: 0, pageLoad: 300000, script: 30000}, unhandledPromptBehavior: dismiss and notify, webauthn:extension:credBlob: true, webauthn:extension:largeBlob: true, webauthn:virtualAuthenticators: true}
Session ID: a61376dd61c63d207e3e4cbf4084e3c9
	at org.openqa.selenium.remote.http.W3CHttpResponseCodec.createException(W3CHttpResponseCodec.java:187)
	at org.openqa.selenium.remote.http.W3CHttpResponseCodec.decode(W3CHttpResponseCodec.java:122)
	at org.openqa.selenium.remote.http.W3CHttpResponseCodec.decode(W3CHttpResponseCodec.java:49)
	at org.openqa.selenium.remote.HttpCommandExecutor.execute(HttpCommandExecutor.java:158)
	at org.openqa.selenium.remote.service.DriverCommandExecutor.execute(DriverCommandExecutor.java:83)
	at org.openqa.selenium.remote.RemoteWebDriver.execute(RemoteWebDriver.java:552)
	at org.openqa.selenium.remote.RemoteWebElement.execute(RemoteWebElement.java:285)
	at org.openqa.selenium.remote.RemoteWebElement.isDisplayed(RemoteWebElement.java:326)
	at org.openqa.selenium.support.pagefactory.internal.LocatingElementHandler.invoke(LocatingElementHandler.java:51)
	at jdk.proxy2/jdk.proxy2.$Proxy9.isDisplayed(Unknown Source)
	at org.openqa.selenium.support.ui.ExpectedConditions.elementIfVisible(ExpectedConditions.java:314)
	at org.openqa.selenium.support.ui.ExpectedConditions.access$000(ExpectedConditions.java:43)
	at org.openqa.selenium.support.ui.ExpectedConditions$10.apply(ExpectedConditions.java:300)
	at org.openqa.selenium.support.ui.ExpectedConditions$10.apply(ExpectedConditions.java:297)
	at org.openqa.selenium.support.ui.FluentWait.until(FluentWait.java:249)
	at utilities.Waiter.waitForVisibilityOfElement(Waiter.java:20)
	at scripts._07_DropdownTest.testExpediaDropDowns(_07_DropdownTest.java:61)
	at java.base/java.util.ArrayList.forEach(ArrayList.java:1511)
... Removed 33 stack frames</div></td></tr></table><p class="totop"><a href="#summary">back to summary</a></p>
<h3 id="m1">scripts._08_Alerts_Test#testAmazonAddressModal</h3><table class="result"><tr><th>Exception</th></tr><tr><td><div class="stacktrace">java.lang.AssertionError: expected [60631] but found []
	at scripts._08_Alerts_Test.testAmazonAddressModal(_08_Alerts_Test.java:103)
	at java.base/java.util.ArrayList.forEach(ArrayList.java:1511)
... Removed 33 stack frames</div></td></tr></table><p class="totop"><a href="#summary">back to summary</a></p>
<h3 id="m2">scripts._08_Alerts_Test#testEtsySingInModel</h3><table class="result"><tr><th>Exception</th></tr><tr><td><div class="stacktrace">java.lang.AssertionError: expected [Sign in to continue] but found [Sign in]
	at scripts._08_Alerts_Test.testEtsySingInModel(_08_Alerts_Test.java:16)
	at java.base/java.util.ArrayList.forEach(ArrayList.java:1511)
... Removed 33 stack frames</div></td></tr></table><p class="totop"><a href="#summary">back to summary</a></p>
<h3 id="m3">scripts._08_Alerts_Test#validateInformationWarningAlert</h3><table class="result"><tr><th>Exception</th></tr><tr><td><div class="stacktrace">org.openqa.selenium.NoAlertPresentException: no such alert
  (Session info: chrome=102.0.5005.61)
Build info: version: &apos;3.141.59&apos;, revision: &apos;e82be7d358&apos;, time: &apos;2018-11-14T08:17:03&apos;
System info: host: &apos;Alonas-Air.local.tld&apos;, ip: &apos;fe80:0:0:0:1c87:cc4a:7d8f:b309%en0&apos;, os.name: &apos;Mac OS X&apos;, os.arch: &apos;x86_64&apos;, os.version: &apos;12.4&apos;, java.version: &apos;18.0.1&apos;
Driver info: org.openqa.selenium.chrome.ChromeDriver
Capabilities {acceptInsecureCerts: false, browserName: chrome, browserVersion: 102.0.5005.61, chrome: {chromedriverVersion: 102.0.5005.61 (0e59bcc00cc4..., userDataDir: /var/folders/t9/f35_jmtd6zz...}, goog:chromeOptions: {debuggerAddress: localhost:54085}, javascriptEnabled: true, networkConnectionEnabled: false, pageLoadStrategy: normal, platform: MAC, platformName: MAC, proxy: Proxy(), setWindowRect: true, strictFileInteractability: false, timeouts: {implicit: 0, pageLoad: 300000, script: 30000}, unhandledPromptBehavior: dismiss and notify, webauthn:extension:credBlob: true, webauthn:extension:largeBlob: true, webauthn:virtualAuthenticators: true}
Session ID: 055317a311eed6bcaaa01b66688cb332
	at org.openqa.selenium.remote.http.W3CHttpResponseCodec.createException(W3CHttpResponseCodec.java:187)
	at org.openqa.selenium.remote.http.W3CHttpResponseCodec.decode(W3CHttpResponseCodec.java:122)
	at org.openqa.selenium.remote.http.W3CHttpResponseCodec.decode(W3CHttpResponseCodec.java:49)
	at org.openqa.selenium.remote.HttpCommandExecutor.execute(HttpCommandExecutor.java:158)
	at org.openqa.selenium.remote.service.DriverCommandExecutor.execute(DriverCommandExecutor.java:83)
	at org.openqa.selenium.remote.RemoteWebDriver.execute(RemoteWebDriver.java:552)
	at org.openqa.selenium.remote.RemoteWebDriver.execute(RemoteWebDriver.java:609)
	at org.openqa.selenium.remote.RemoteWebDriver$RemoteTargetLocator.alert(RemoteWebDriver.java:932)
	at scripts._08_Alerts_Test.validateInformationWarningAlert(_08_Alerts_Test.java:27)
	at java.base/java.util.ArrayList.forEach(ArrayList.java:1511)
... Removed 31 stack frames</div></td></tr></table><p class="totop"><a href="#summary">back to summary</a></p>
<h3 id="m4">scripts._11_FileUpload_Test#testFileUpload1</h3><table class="result"><tr><th>Exception</th></tr><tr><td><div class="stacktrace">org.openqa.selenium.NoSuchElementException: Cannot locate an element using xpath=//div[@id=&apos;content&apos;]//a[@href=&apos;download/AFKnopa.txt&apos;]
For documentation on this error, please visit: https://www.seleniumhq.org/exceptions/no_such_element.html
Build info: version: &apos;3.141.59&apos;, revision: &apos;e82be7d358&apos;, time: &apos;2018-11-14T08:17:03&apos;
System info: host: &apos;Alonas-Air.local.tld&apos;, ip: &apos;fe80:0:0:0:1c87:cc4a:7d8f:b309%en0&apos;, os.name: &apos;Mac OS X&apos;, os.arch: &apos;x86_64&apos;, os.version: &apos;12.4&apos;, java.version: &apos;18.0.1&apos;
Driver info: driver.version: RemoteWebDriver
	at org.openqa.selenium.remote.RemoteWebDriver.findElement(RemoteWebDriver.java:327)
	at org.openqa.selenium.remote.RemoteWebDriver.findElementByXPath(RemoteWebDriver.java:428)
	at org.openqa.selenium.By$ByXPath.findElement(By.java:353)
	at org.openqa.selenium.remote.RemoteWebDriver.findElement(RemoteWebDriver.java:315)
	at org.openqa.selenium.support.pagefactory.DefaultElementLocator.findElement(DefaultElementLocator.java:69)
	at org.openqa.selenium.support.pagefactory.internal.LocatingElementHandler.invoke(LocatingElementHandler.java:38)
	at jdk.proxy2/jdk.proxy2.$Proxy9.click(Unknown Source)
	at scripts._11_FileUpload_Test.testFileUpload1(_11_FileUpload_Test.java:17)
	at java.base/java.util.ArrayList.forEach(ArrayList.java:1511)
... Removed 28 stack frames</div></td></tr></table><p class="totop"><a href="#summary">back to summary</a></p>
<h3 id="m5">scripts._12_Actions_Class#practiceKeyDownAndKeyUp</h3><table class="result"><tr><th>Exception</th></tr><tr><td><div class="stacktrace">org.openqa.selenium.json.JsonException: java.lang.reflect.InvocationTargetException
Build info: version: &apos;3.141.59&apos;, revision: &apos;e82be7d358&apos;, time: &apos;2018-11-14T08:17:03&apos;
System info: host: &apos;Alonas-Air.local.tld&apos;, ip: &apos;fe80:0:0:0:1c87:cc4a:7d8f:b309%en0&apos;, os.name: &apos;Mac OS X&apos;, os.arch: &apos;x86_64&apos;, os.version: &apos;12.4&apos;, java.version: &apos;18.0.1&apos;
Driver info: driver.version: RemoteWebDriver
	at org.openqa.selenium.json.JsonOutput.convertUsingMethod(JsonOutput.java:332)
	at org.openqa.selenium.json.JsonOutput.lambda$new$16(JsonOutput.java:155)
	at org.openqa.selenium.json.JsonOutput.write(JsonOutput.java:264)
	at org.openqa.selenium.json.JsonOutput.lambda$null$21(JsonOutput.java:168)
	at java.base/java.util.LinkedHashMap$LinkedValues.forEach(LinkedHashMap.java:647)
	at org.openqa.selenium.json.JsonOutput.lambda$new$22(JsonOutput.java:168)
	at org.openqa.selenium.json.JsonOutput.write(JsonOutput.java:264)
	at org.openqa.selenium.json.JsonOutput.lambda$null$23(JsonOutput.java:177)
	at com.google.common.collect.SingletonImmutableBiMap.forEach(SingletonImmutableBiMap.java:65)
	at org.openqa.selenium.json.JsonOutput.lambda$new$24(JsonOutput.java:176)
	at org.openqa.selenium.json.JsonOutput.write(JsonOutput.java:264)
	at org.openqa.selenium.json.JsonOutput.write(JsonOutput.java:255)
	at org.openqa.selenium.json.Json.toJson(Json.java:42)
	at org.openqa.selenium.remote.http.AbstractHttpCommandCodec.encode(AbstractHttpCommandCodec.java:227)
	at org.openqa.selenium.remote.http.AbstractHttpCommandCodec.encode(AbstractHttpCommandCodec.java:117)
	at org.openqa.selenium.remote.HttpCommandExecutor.execute(HttpCommandExecutor.java:152)
	at org.openqa.selenium.remote.service.DriverCommandExecutor.execute(DriverCommandExecutor.java:83)
	at org.openqa.selenium.remote.RemoteWebDriver.execute(RemoteWebDriver.java:552)
	at org.openqa.selenium.remote.RemoteWebDriver.perform(RemoteWebDriver.java:618)
	at org.openqa.selenium.interactions.Actions$BuiltAction.perform(Actions.java:639)
	at org.openqa.selenium.interactions.Actions.perform(Actions.java:595)
	at scripts._12_Actions_Class.practiceKeyDownAndKeyUp(_12_Actions_Class.java:115)
	at java.base/java.util.ArrayList.forEach(ArrayList.java:1511)
	Suppressed: org.openqa.selenium.json.JsonException: Attempting to close incomplete json stream
Build info: version: &apos;3.141.59&apos;, revision: &apos;e82be7d358&apos;, time: &apos;2018-11-14T08:17:03&apos;
System info: host: &apos;Alonas-Air.local.tld&apos;, ip: &apos;fe80:0:0:0:1c87:cc4a:7d8f:b309%en0&apos;, os.name: &apos;Mac OS X&apos;, os.arch: &apos;x86_64&apos;, os.version: &apos;12.4&apos;, java.version: &apos;18.0.1&apos;
Driver info: driver.version: RemoteWebDriver
		at org.openqa.selenium.json.JsonOutput.close(JsonOutput.java:279)
		at org.openqa.selenium.json.Json.toJson(Json.java:44)
		... 38 more
	at org.openqa.selenium.json.JsonOutput.convertUsingMethod(JsonOutput.java:328)
	... 50 more
Caused by: org.openqa.selenium.NoSuchElementException: Cannot locate an element using name=q
For documentation on this error, please visit: https://www.seleniumhq.org/exceptions/no_such_element.html
Build info: version: &apos;3.141.59&apos;, revision: &apos;e82be7d358&apos;, time: &apos;2018-11-14T08:17:03&apos;
System info: host: &apos;Alonas-Air.local.tld&apos;, ip: &apos;fe80:0:0:0:1c87:cc4a:7d8f:b309%en0&apos;, os.name: &apos;Mac OS X&apos;, os.arch: &apos;x86_64&apos;, os.version: &apos;12.4&apos;, java.version: &apos;18.0.1&apos;
Driver info: driver.version: RemoteWebDriver
	at org.openqa.selenium.remote.RemoteWebDriver.findElement(RemoteWebDriver.java:327)
	at org.openqa.selenium.remote.RemoteWebDriver.findElementByName(RemoteWebDriver.java:404)
	at org.openqa.selenium.By$ByName.findElement(By.java:284)
	at org.openqa.selenium.remote.RemoteWebDriver.findElement(RemoteWebDriver.java:315)
	at org.openqa.selenium.support.pagefactory.DefaultElementLocator.findElement(DefaultElementLocator.java:69)
	at org.openqa.selenium.support.pagefactory.internal.LocatingElementHandler.invoke(LocatingElementHandler.java:38)
	at jdk.proxy2/jdk.proxy2.$Proxy9.getWrappedElement(Unknown Source)
	at org.openqa.selenium.interactions.PointerInput$Origin.asArg(PointerInput.java:204)
	at org.openqa.selenium.interactions.PointerInput$Move.encode(PointerInput.java:155)
	at org.openqa.selenium.interactions.Sequence.encode(Sequence.java:75)
	at org.openqa.selenium.interactions.Sequence.toJson(Sequence.java:84)
	... 52 more
... Removed 32 stack frames</div></td></tr></table><p class="totop"><a href="#summary">back to summary</a></p>
<h3 id="m6">scripts._010_WindowHandles#techGlobalSchoolFaceBookIcon</h3><table class="result"><tr><th class="invisible"/></tr></table><p class="totop"><a href="#summary">back to summary</a></p>
<h3 id="m7">scripts._010_WindowHandles#testWindowHandle2</h3><table class="result"><tr><th class="invisible"/></tr></table><p class="totop"><a href="#summary">back to summary</a></p>
<h3 id="m8">scripts._01_AppleTest#testAppleURL</h3><table class="result"><tr><th class="invisible"/></tr></table><p class="totop"><a href="#summary">back to summary</a></p>
<h3 id="m9">scripts._03_EtsyTest#testMainHeader</h3><table class="result"><tr><th class="invisible"/></tr></table><p class="totop"><a href="#summary">back to summary</a></p>
<h3 id="m10">scripts._04GoogleSearchTest#testGoogleStoreLink</h3><table class="result"><tr><th class="invisible"/></tr></table><p class="totop"><a href="#summary">back to summary</a></p>
<h3 id="m11">scripts._05_CheckBoxTest#testCheckBoxInHeroApp</h3><table class="result"><tr><th class="invisible"/></tr></table><p class="totop"><a href="#summary">back to summary</a></p>
<h3 id="m12">scripts._06_RadioButtonTest#creatingANewAccount</h3><table class="result"><tr><th class="invisible"/></tr></table><p class="totop"><a href="#summary">back to summary</a></p>
<h3 id="m13">scripts._06_RadioButtonTest#testFacebookRadioButton</h3><table class="result"><tr><th class="invisible"/></tr></table><p class="totop"><a href="#summary">back to summary</a></p>
<h3 id="m14">scripts._07_DropdownTest#testEbayDropdown</h3><table class="result"><tr><th class="invisible"/></tr></table><p class="totop"><a href="#summary">back to summary</a></p>
<h3 id="m15">scripts._07_DropdownTest#testUnsecurePasswordErrorMessage</h3><table class="result"><tr><th class="invisible"/></tr></table><p class="totop"><a href="#summary">back to summary</a></p>
<h3 id="m16">scripts._08_Alerts_Test#testConfirmationAlert</h3><table class="result"><tr><th class="invisible"/></tr></table><p class="totop"><a href="#summary">back to summary</a></p>
<h3 id="m17">scripts._08_Alerts_Test#testPromptAlert</h3><table class="result"><tr><th class="invisible"/></tr></table><p class="totop"><a href="#summary">back to summary</a></p>
<h3 id="m18">scripts._09_Iframes#testIframe1</h3><table class="result"><tr><th class="invisible"/></tr></table><p class="totop"><a href="#summary">back to summary</a></p>
<h3 id="m19">scripts._09_Iframes#testIframe2</h3><table class="result"><tr><th class="invisible"/></tr></table><p class="totop"><a href="#summary">back to summary</a></p>
<h3 id="m20">scripts._11_FileUpload_Test#testFileDownloads</h3><table class="result"><tr><th class="invisible"/></tr></table><p class="totop"><a href="#summary">back to summary</a></p>
<h3 id="m21">scripts._12_Actions_Class#clickAndHoldAction</h3><table class="result"><tr><th class="invisible"/></tr></table><p class="totop"><a href="#summary">back to summary</a></p>
<h3 id="m22">scripts._12_Actions_Class#clickOnRegisterForIntroButton</h3><table class="result"><tr><th class="invisible"/></tr></table><p class="totop"><a href="#summary">back to summary</a></p>
<h3 id="m23">scripts._12_Actions_Class#moveToElementPractice1</h3><table class="result"><tr><th class="invisible"/></tr></table><p class="totop"><a href="#summary">back to summary</a></p>
<h3 id="m24">scripts._12_Actions_Class#moveToElementPractice2</h3><table class="result"><tr><th class="invisible"/></tr></table><p class="totop"><a href="#summary">back to summary</a></p>
<h3 id="m25">scripts._12_Actions_Class#rightClickAction</h3><table class="result"><tr><th class="invisible"/></tr></table><p class="totop"><a href="#summary">back to summary</a></p>
<h3 id="m26">scripts._12_Actions_Class#sendKeysToAnElement</h3><table class="result"><tr><th class="invisible"/></tr></table><p class="totop"><a href="#summary">back to summary</a></p>
</body>
</html>
